# JRE version: OpenJDK Runtime Environment Zulu11.50+19-CA (11.0.12+7) (build 11.0.12+7-LTS)
# Java VM: OpenJDK 64-Bit Server VM Zulu11.50+19-CA (11.0.12+7-LTS, mixed mode, tiered, compressed oops, g1 gc, windows-amd64)
Heap:
 garbage-first heap   total 78848K, used 24567K [0x00000000c1a00000, 0x0000000100000000)
  region size 1024K, 2 young (2048K), 1 survivors (1024K)
 Metaspace       used 54856K, capacity 56099K, committed 56320K, reserved 1097728K
  class space    used 6640K, capacity 7159K, committed 7168K, reserved 1048576K
GC Heap History (20 events):
Event: 26.198 GC heap before
{Heap before GC invocations=6 (full 0):
 garbage-first heap   total 65536K, used 36709K [0x00000000c1a00000, 0x0000000100000000)
  region size 1024K, 31 young (31744K), 3 survivors (3072K)
 Metaspace       used 24124K, capacity 24727K, committed 24960K, reserved 1071104K
  class space    used 2695K, capacity 2918K, committed 2944K, reserved 1048576K
}
Event: 26.214 GC heap after
{Heap after GC invocations=7 (full 0):
 garbage-first heap   total 65536K, used 9236K [0x00000000c1a00000, 0x0000000100000000)
  region size 1024K, 2 young (2048K), 2 survivors (2048K)
 Metaspace       used 24124K, capacity 24727K, committed 24960K, reserved 1071104K
  class space    used 2695K, capacity 2918K, committed 2944K, reserved 1048576K
}
Event: 30.112 GC heap before
{Heap before GC invocations=7 (full 0):
 garbage-first heap   total 65536K, used 37908K [0x00000000c1a00000, 0x0000000100000000)
  region size 1024K, 31 young (31744K), 2 survivors (2048K)
 Metaspace       used 26208K, capacity 26884K, committed 27008K, reserved 1073152K
  class space    used 2916K, capacity 3161K, committed 3200K, reserved 1048576K
}
Event: 30.130 GC heap after
{Heap after GC invocations=8 (full 0):
 garbage-first heap   total 65536K, used 9849K [0x00000000c1a00000, 0x0000000100000000)
  region size 1024K, 3 young (3072K), 3 survivors (3072K)
 Metaspace       used 26208K, capacity 26884K, committed 27008K, reserved 1073152K
  class space    used 2916K, capacity 3161K, committed 3200K, reserved 1048576K
}
Event: 38.508 GC heap before
{Heap before GC invocations=8 (full 0):
 garbage-first heap   total 65536K, used 45689K [0x00000000c1a00000, 0x0000000100000000)
  region size 1024K, 38 young (38912K), 3 survivors (3072K)
 Metaspace       used 31608K, capacity 32551K, committed 32768K, reserved 1077248K
  class space    used 3661K, capacity 4010K, committed 4096K, reserved 1048576K
}
Event: 38.574 GC heap after
{Heap after GC invocations=9 (full 0):
 garbage-first heap   total 65536K, used 12254K [0x00000000c1a00000, 0x0000000100000000)
  region size 1024K, 5 young (5120K), 5 survivors (5120K)
 Metaspace       used 31608K, capacity 32551K, committed 32768K, reserved 1077248K
  class space    used 3661K, capacity 4010K, committed 4096K, reserved 1048576K
}
Event: 47.464 GC heap before
{Heap before GC invocations=9 (full 0):
 garbage-first heap   total 65536K, used 45022K [0x00000000c1a00000, 0x0000000100000000)
  region size 1024K, 38 young (38912K), 5 survivors (5120K)
 Metaspace       used 34592K, capacity 35573K, committed 35712K, reserved 1081344K
  class space    used 3985K, capacity 4377K, committed 4480K, reserved 1048576K
}
Event: 47.533 GC heap after
{Heap after GC invocations=10 (full 0):
 garbage-first heap   total 65536K, used 13677K [0x00000000c1a00000, 0x0000000100000000)
  region size 1024K, 4 young (4096K), 4 survivors (4096K)
 Metaspace       used 34592K, capacity 35573K, committed 35712K, reserved 1081344K
  class space    used 3985K, capacity 4377K, committed 4480K, reserved 1048576K
}
Event: 48.245 GC heap before
{Heap before GC invocations=10 (full 0):
 garbage-first heap   total 65536K, used 35181K [0x00000000c1a00000, 0x0000000100000000)
  region size 1024K, 27 young (27648K), 4 survivors (4096K)
 Metaspace       used 34771K, capacity 35701K, committed 35840K, reserved 1081344K
  class space    used 4002K, capacity 4377K, committed 4480K, reserved 1048576K
}
Event: 48.294 GC heap after
{Heap after GC invocations=11 (full 0):
 garbage-first heap   total 78848K, used 14015K [0x00000000c1a00000, 0x0000000100000000)
  region size 1024K, 2 young (2048K), 2 survivors (2048K)
 Metaspace       used 34771K, capacity 35701K, committed 35840K, reserved 1081344K
  class space    used 4002K, capacity 4377K, committed 4480K, reserved 1048576K
}
Event: 67.498 GC heap before
{Heap before GC invocations=12 (full 0):
 garbage-first heap   total 78848K, used 55999K [0x00000000c1a00000, 0x0000000100000000)
  region size 1024K, 44 young (45056K), 2 survivors (2048K)
 Metaspace       used 42297K, capacity 43358K, committed 43648K, reserved 1087488K
  class space    used 5005K, capacity 5413K, committed 5504K, reserved 1048576K
}
Event: 67.524 GC heap after
{Heap after GC invocations=13 (full 0):
 garbage-first heap   total 78848K, used 15975K [0x00000000c1a00000, 0x0000000100000000)
  region size 1024K, 4 young (4096K), 4 survivors (4096K)
 Metaspace       used 42297K, capacity 43358K, committed 43648K, reserved 1087488K
  class space    used 5005K, capacity 5413K, committed 5504K, reserved 1048576K
}
Event: 82.425 GC heap before
{Heap before GC invocations=13 (full 0):
 garbage-first heap   total 78848K, used 58983K [0x00000000c1a00000, 0x0000000100000000)
  region size 1024K, 46 young (47104K), 4 survivors (4096K)
 Metaspace       used 50049K, capacity 51164K, committed 51456K, reserved 1093632K
  class space    used 6138K, capacity 6607K, committed 6656K, reserved 1048576K
}
Event: 82.464 GC heap after
{Heap after GC invocations=14 (full 0):
 garbage-first heap   total 78848K, used 18596K [0x00000000c1a00000, 0x0000000100000000)
  region size 1024K, 5 young (5120K), 5 survivors (5120K)
 Metaspace       used 50049K, capacity 51164K, committed 51456K, reserved 1093632K
  class space    used 6138K, capacity 6607K, committed 6656K, reserved 1048576K
}
Event: 18035.850 GC heap before
{Heap before GC invocations=14 (full 0):
 garbage-first heap   total 78848K, used 60580K [0x00000000c1a00000, 0x0000000100000000)
  region size 1024K, 46 young (47104K), 5 survivors (5120K)
 Metaspace       used 54799K, capacity 56035K, committed 56064K, reserved 1097728K
  class space    used 6639K, capacity 7159K, committed 7168K, reserved 1048576K
}
Event: 18062.304 GC heap after
{Heap after GC invocations=15 (full 0):
 garbage-first heap   total 78848K, used 24081K [0x00000000c1a00000, 0x0000000100000000)
  region size 1024K, 6 young (6144K), 6 survivors (6144K)
 Metaspace       used 54799K, capacity 56035K, committed 56064K, reserved 1097728K
  class space    used 6639K, capacity 7159K, committed 7168K, reserved 1048576K
}
Event: 19035.691 GC heap before
{Heap before GC invocations=15 (full 0):
 garbage-first heap   total 78848K, used 25105K [0x00000000c1a00000, 0x0000000100000000)
  region size 1024K, 7 young (7168K), 6 survivors (6144K)
 Metaspace       used 54803K, capacity 56035K, committed 56064K, reserved 1097728K
  class space    used 6640K, capacity 7159K, committed 7168K, reserved 1048576K
}
Event: 19035.973 GC heap after
{Heap after GC invocations=16 (full 0):
 garbage-first heap   total 78848K, used 23723K [0x00000000c1a00000, 0x0000000100000000)
  region size 1024K, 1 young (1024K), 1 survivors (1024K)
 Metaspace       used 54803K, capacity 56035K, committed 56064K, reserved 1097728K
  class space    used 6640K, capacity 7159K, committed 7168K, reserved 1048576K
}
Event: 21619.741 GC heap before
{Heap before GC invocations=16 (full 0):
 garbage-first heap   total 78848K, used 25771K [0x00000000c1a00000, 0x0000000100000000)
  region size 1024K, 3 young (3072K), 1 survivors (1024K)
 Metaspace       used 54842K, capacity 56099K, committed 56320K, reserved 1097728K
  class space    used 6640K, capacity 7159K, committed 7168K, reserved 1048576K
}
Event: 21624.340 GC heap after
{Heap after GC invocations=17 (full 0):
 garbage-first heap   total 78848K, used 24567K [0x00000000c1a00000, 0x0000000100000000)
  region size 1024K, 1 young (1024K), 1 survivors (1024K)
 Metaspace       used 54842K, capacity 56099K, committed 56320K, reserved 1097728K
  class space    used 6640K, capacity 7159K, committed 7168K, reserved 1048576K
}

